2016.04.11 22:37:00.850 MSK INFO: *** SYSTEM START ***
2016.04.11 22:37:00.871 MSK SEVERE: Unable to load project from: file:/C:/Users/Bill%20Gates/IdeaProjects/L2/res/test.pprj -- Project.getProjectInstancesReader()
2016.04.11 22:37:38.606 MSK INFO: *** SYSTEM START ***
2016.04.11 22:37:38.897 MSK WARNING: no such class: edu.stanford.smi.protegex.storage.rdf.configurable.RDFCBackend -- SystemUtilities.newInstance()
2016.04.11 22:37:38.898 MSK SEVERE: Cannot find knowledgebase factory: edu.stanford.smi.protegex.storage.rdf.configurable.RDFCBackend
Please check that you have the required plug-in. -- Project.createDomainKB()
2016.04.11 22:43:13.134 MSK INFO: *** SYSTEM START ***
2016.04.11 22:43:34.624 MSK INFO: *** SYSTEM START ***
2016.04.11 22:43:36.596 MSK WARNING: no such class: edu.stanford.smi.protegex.storage.rdf.configurable.RDFCBackend -- SystemUtilities.newInstance()
2016.04.11 22:43:36.597 MSK SEVERE: Cannot find knowledgebase factory: edu.stanford.smi.protegex.storage.rdf.configurable.RDFCBackend
Please check that you have the required plug-in. -- Project.createDomainKB()
2016.04.11 22:43:42.829 MSK INFO: *** SYSTEM START ***
2016.04.11 22:43:43.152 MSK WARNING: no such class: edu.stanford.smi.protegex.storage.rdf.configurable.RDFCBackend -- SystemUtilities.newInstance()
2016.04.11 22:43:43.153 MSK SEVERE: Cannot find knowledgebase factory: edu.stanford.smi.protegex.storage.rdf.configurable.RDFCBackend
Please check that you have the required plug-in. -- Project.createDomainKB()
2016.04.11 22:43:51.126 MSK INFO: *** SYSTEM START ***
2016.04.11 22:43:51.379 MSK WARNING: no such class: edu.stanford.smi.protegex.storage.rdf.configurable.RDFCBackend -- SystemUtilities.newInstance()
2016.04.11 22:43:51.380 MSK SEVERE: Cannot find knowledgebase factory: edu.stanford.smi.protegex.storage.rdf.configurable.RDFCBackend
Please check that you have the required plug-in. -- Project.createDomainKB()
2016.04.11 22:44:31.285 MSK INFO: *** SYSTEM START ***
2016.04.11 22:45:09.779 MSK WARNING: no such class: edu.stanford.smi.protegex.storage.rdf.configurable.RDFCBackend -- SystemUtilities.newInstance()
2016.04.11 22:45:09.782 MSK SEVERE: Cannot find knowledgebase factory: edu.stanford.smi.protegex.storage.rdf.configurable.RDFCBackend
Please check that you have the required plug-in. -- Project.createDomainKB()
2016.04.11 22:46:43.756 MSK INFO: *** SYSTEM START ***
2016.04.11 22:46:44.032 MSK WARNING: no such class: edu.stanford.smi.protegex.storage.rdf.configurable.RDFCBackend -- SystemUtilities.newInstance()
2016.04.11 22:46:44.033 MSK SEVERE: Cannot find knowledgebase factory: edu.stanford.smi.protegex.storage.rdf.configurable.RDFCBackend
Please check that you have the required plug-in. -- Project.createDomainKB()
2016.04.11 22:52:42.029 MSK INFO: *** SYSTEM START ***
2016.04.11 22:53:46.099 MSK INFO: *** SYSTEM START ***
2016.04.12 00:03:36.610 MSK INFO: *** SYSTEM START ***
2016.04.12 01:29:17.855 MSK INFO: *** SYSTEM START ***
2016.04.12 01:29:50.736 MSK INFO: *** SYSTEM START ***
2016.04.12 01:30:56.292 MSK INFO: *** SYSTEM START ***
2016.04.12 01:32:47.673 MSK INFO: *** SYSTEM START ***
2016.04.12 01:33:14.759 MSK INFO: *** SYSTEM START ***
2016.04.12 01:33:52.193 MSK INFO: *** SYSTEM START ***
2016.04.12 01:36:01.754 MSK INFO: *** SYSTEM START ***
2016.04.12 01:37:01.352 MSK INFO: *** SYSTEM START ***
2016.04.12 01:37:50.708 MSK INFO: *** SYSTEM START ***
2016.04.12 01:49:24.775 MSK INFO: *** SYSTEM START ***
2016.04.12 01:50:11.220 MSK INFO: *** SYSTEM START ***
2016.04.12 01:56:16.177 MSK INFO: *** SYSTEM START ***
2016.04.12 01:56:43.235 MSK INFO: *** SYSTEM START ***
2016.04.12 01:57:10.465 MSK INFO: *** SYSTEM START ***
2016.04.12 02:00:44.072 MSK INFO: *** SYSTEM START ***
2016.04.12 02:01:29.173 MSK INFO: *** SYSTEM START ***
2016.04.12 02:01:50.033 MSK INFO: *** SYSTEM START ***
2016.04.12 02:02:40.722 MSK INFO: *** SYSTEM START ***
2016.04.12 02:02:49.657 MSK INFO: *** SYSTEM START ***
2016.04.12 02:04:56.528 MSK INFO: *** SYSTEM START ***
2016.04.12 02:05:39.847 MSK INFO: *** SYSTEM START ***
2016.04.12 02:06:25.106 MSK INFO: *** SYSTEM START ***
2016.04.12 02:07:25.061 MSK INFO: *** SYSTEM START ***
2016.04.12 02:08:35.131 MSK INFO: *** SYSTEM START ***
2016.04.12 02:09:08.533 MSK INFO: *** SYSTEM START ***
2016.04.12 02:10:13.523 MSK INFO: *** SYSTEM START ***
2016.04.12 02:10:34.534 MSK INFO: *** SYSTEM START ***
2016.04.12 02:10:43.825 MSK INFO: *** SYSTEM START ***
2016.04.12 02:11:56.632 MSK INFO: *** SYSTEM START ***
2016.04.12 02:12:31.595 MSK INFO: *** SYSTEM START ***
2016.04.12 02:14:48.918 MSK INFO: *** SYSTEM START ***
2016.04.12 02:14:56.414 MSK INFO: *** SYSTEM START ***
2016.04.12 02:22:29.893 MSK INFO: *** SYSTEM START ***
2016.04.12 02:23:34.219 MSK INFO: *** SYSTEM START ***
2016.04.12 09:41:01.410 MSK INFO: *** SYSTEM START ***
2016.04.12 09:41:30.413 MSK INFO: *** SYSTEM START ***
2016.04.12 09:43:16.307 MSK INFO: *** SYSTEM START ***
2016.04.12 09:43:54.434 MSK INFO: *** SYSTEM START ***
2016.04.12 09:44:03.279 MSK INFO: *** SYSTEM START ***
2016.04.12 09:46:58.231 MSK INFO: *** SYSTEM START ***
2016.04.12 09:50:22.881 MSK INFO: *** SYSTEM START ***
2016.04.12 09:51:55.298 MSK INFO: *** SYSTEM START ***
2016.04.12 09:52:38.474 MSK INFO: *** SYSTEM START ***
2016.04.12 09:53:06.383 MSK INFO: *** SYSTEM START ***
2016.04.12 09:55:14.841 MSK INFO: *** SYSTEM START ***
2016.04.12 09:56:48.776 MSK INFO: *** SYSTEM START ***
2016.04.12 09:58:19.113 MSK INFO: *** SYSTEM START ***
2016.04.12 10:00:03.776 MSK INFO: *** SYSTEM START ***
2016.04.12 10:00:42.432 MSK INFO: *** SYSTEM START ***
2016.04.12 10:01:06.706 MSK INFO: *** SYSTEM START ***
2016.04.12 10:14:41.514 MSK INFO: *** SYSTEM START ***
2016.04.12 11:02:47.497 MSK INFO: *** SYSTEM START ***
2016.04.12 11:03:17.848 MSK INFO: *** SYSTEM START ***
2016.04.12 11:04:08.606 MSK INFO: *** SYSTEM START ***
2016.04.12 11:04:27.074 MSK INFO: *** SYSTEM START ***
2016.04.12 11:06:21.645 MSK INFO: *** SYSTEM START ***
2016.04.12 11:08:28.770 MSK INFO: *** SYSTEM START ***
2016.04.12 11:10:47.932 MSK INFO: *** SYSTEM START ***
2016.04.12 11:12:17.939 MSK INFO: *** SYSTEM START ***
2016.04.18 00:36:46.326 MSK INFO: *** SYSTEM START ***
2016.04.18 00:39:19.431 MSK INFO: *** SYSTEM START ***
2016.04.18 00:44:58.522 MSK INFO: *** SYSTEM START ***
2016.04.18 08:57:36.671 MSK INFO: *** SYSTEM START ***
2016.04.18 08:58:01.562 MSK INFO: *** SYSTEM START ***
2016.04.18 08:58:19.998 MSK INFO: *** SYSTEM START ***
2016.04.18 08:58:46.275 MSK INFO: *** SYSTEM START ***
2016.04.18 08:59:04.150 MSK INFO: *** SYSTEM START ***
2016.04.18 09:00:29.890 MSK INFO: *** SYSTEM START ***
2016.04.18 09:01:09.109 MSK INFO: *** SYSTEM START ***
2016.04.18 09:03:33.523 MSK INFO: *** SYSTEM START ***
2016.04.18 09:04:40.126 MSK INFO: *** SYSTEM START ***
2016.04.18 13:23:17.931 MSK INFO: *** SYSTEM START ***
2016.04.18 13:23:38.579 MSK INFO: *** SYSTEM START ***
2016.04.18 13:24:07.996 MSK INFO: *** SYSTEM START ***
2016.04.18 13:24:24.484 MSK INFO: *** SYSTEM START ***
2016.04.18 13:25:33.468 MSK INFO: *** SYSTEM START ***
2016.04.18 13:27:42.043 MSK INFO: *** SYSTEM START ***
2016.04.18 13:31:22.793 MSK INFO: *** SYSTEM START ***
2016.04.18 13:31:42.777 MSK INFO: *** SYSTEM START ***
2016.04.18 13:35:02.372 MSK INFO: *** SYSTEM START ***
2016.04.18 13:36:46.380 MSK INFO: *** SYSTEM START ***
2016.04.18 13:38:11.226 MSK INFO: *** SYSTEM START ***
2016.04.18 13:42:26.854 MSK INFO: *** SYSTEM START ***
2016.04.18 13:42:55.446 MSK INFO: *** SYSTEM START ***
2016.04.18 13:43:10.452 MSK INFO: *** SYSTEM START ***
2016.04.18 13:43:54.715 MSK INFO: *** SYSTEM START ***
2016.04.18 13:45:23.389 MSK INFO: *** SYSTEM START ***
2016.04.18 13:46:07.702 MSK INFO: *** SYSTEM START ***
2016.04.18 13:48:33.728 MSK INFO: *** SYSTEM START ***
2016.04.18 13:52:34.433 MSK INFO: *** SYSTEM START ***
2016.04.18 13:53:38.730 MSK INFO: *** SYSTEM START ***
2016.04.18 13:54:28.371 MSK INFO: *** SYSTEM START ***
2016.04.18 13:54:43.751 MSK INFO: *** SYSTEM START ***
2016.04.18 13:55:30.126 MSK INFO: *** SYSTEM START ***
2016.04.18 13:57:27.557 MSK INFO: *** SYSTEM START ***
2016.04.18 19:47:47.146 MSK INFO: *** SYSTEM START ***
2016.04.18 19:48:27.530 MSK INFO: *** SYSTEM START ***
2016.04.18 19:49:42.763 MSK INFO: *** SYSTEM START ***
2016.04.18 19:50:25.973 MSK INFO: *** SYSTEM START ***
2016.04.18 19:52:34.943 MSK INFO: *** SYSTEM START ***
2016.04.19 07:51:39.024 MSK INFO: *** SYSTEM START ***
2016.04.19 07:54:47.679 MSK INFO: *** SYSTEM START ***
2016.04.19 07:59:47.136 MSK INFO: *** SYSTEM START ***
2016.04.19 08:01:06.512 MSK INFO: *** SYSTEM START ***
2016.04.19 08:02:33.561 MSK INFO: *** SYSTEM START ***
2016.04.19 08:04:08.166 MSK INFO: *** SYSTEM START ***
2016.04.19 08:05:13.245 MSK INFO: *** SYSTEM START ***
2016.04.19 08:05:53.810 MSK INFO: *** SYSTEM START ***
2016.04.19 08:07:05.852 MSK INFO: *** SYSTEM START ***
2016.04.19 08:09:18.315 MSK INFO: *** SYSTEM START ***
2016.04.19 09:11:51.545 MSK INFO: *** SYSTEM START ***
2016.04.19 09:30:44.031 MSK INFO: *** SYSTEM START ***
2016.04.19 09:32:36.384 MSK INFO: *** SYSTEM START ***
2016.04.19 09:33:49.305 MSK INFO: *** SYSTEM START ***
2016.04.19 09:35:48.197 MSK INFO: *** SYSTEM START ***
2016.04.19 09:38:15.359 MSK INFO: *** SYSTEM START ***
2016.04.19 09:48:26.165 MSK INFO: *** SYSTEM START ***
2016.04.19 09:52:05.518 MSK INFO: *** SYSTEM START ***
2016.04.19 09:53:32.291 MSK INFO: *** SYSTEM START ***
2016.04.19 10:04:31.680 MSK INFO: *** SYSTEM START ***
2016.04.19 10:06:04.267 MSK INFO: *** SYSTEM START ***
2016.04.19 10:08:45.219 MSK INFO: *** SYSTEM START ***
2016.04.19 10:14:15.004 MSK INFO: *** SYSTEM START ***
2016.04.19 10:18:55.237 MSK INFO: *** SYSTEM START ***
2016.04.19 10:19:32.942 MSK INFO: *** SYSTEM START ***
2016.04.19 10:22:02.237 MSK INFO: *** SYSTEM START ***
2016.04.19 16:01:30.364 MSK INFO: *** SYSTEM START ***
2016.04.19 16:03:16.656 MSK INFO: *** SYSTEM START ***
2016.04.19 16:07:34.765 MSK INFO: *** SYSTEM START ***
2016.04.19 16:09:21.087 MSK INFO: *** SYSTEM START ***
2016.04.19 16:14:37.030 MSK INFO: *** SYSTEM START ***
2016.04.21 15:11:13.412 MSK INFO: *** SYSTEM START ***
2016.04.21 15:12:14.097 MSK INFO: *** SYSTEM START ***
2016.04.21 15:12:55.213 MSK INFO: *** SYSTEM START ***
2016.04.21 15:14:36.814 MSK INFO: *** SYSTEM START ***
2016.04.21 15:15:19.290 MSK INFO: *** SYSTEM START ***
2016.04.21 15:17:03.637 MSK INFO: *** SYSTEM START ***
2016.04.21 15:17:33.051 MSK INFO: *** SYSTEM START ***
2016.04.21 15:20:49.038 MSK INFO: *** SYSTEM START ***
2016.04.21 15:21:35.772 MSK INFO: *** SYSTEM START ***
2016.04.21 15:22:06.935 MSK INFO: *** SYSTEM START ***
2016.04.21 15:25:50.300 MSK INFO: *** SYSTEM START ***
2016.04.21 15:32:01.849 MSK INFO: *** SYSTEM START ***
2016.04.21 15:33:43.406 MSK INFO: *** SYSTEM START ***
2016.04.26 00:56:20.182 MSK INFO: *** SYSTEM START ***
2016.04.26 00:58:26.536 MSK INFO: *** SYSTEM START ***
2016.04.26 01:00:43.409 MSK INFO: *** SYSTEM START ***
2016.04.26 01:01:58.967 MSK INFO: *** SYSTEM START ***
2016.04.26 01:06:48.245 MSK INFO: *** SYSTEM START ***
2016.04.26 01:07:21.772 MSK INFO: *** SYSTEM START ***
2016.04.26 16:12:16.754 MSK INFO: *** SYSTEM START ***
2016.04.26 16:16:48.522 MSK INFO: *** SYSTEM START ***
2016.04.26 16:20:13.865 MSK INFO: *** SYSTEM START ***
2016.04.26 16:22:23.015 MSK INFO: *** SYSTEM START ***
2016.04.26 16:48:44.806 MSK INFO: *** SYSTEM START ***
2016.04.26 16:50:23.954 MSK INFO: *** SYSTEM START ***
2016.04.26 16:53:45.454 MSK INFO: *** SYSTEM START ***
2016.04.26 16:55:59.797 MSK INFO: *** SYSTEM START ***
2016.04.26 16:56:09.504 MSK INFO: *** SYSTEM START ***
2016.04.26 16:58:30.365 MSK INFO: *** SYSTEM START ***
2016.04.26 17:11:49.589 MSK INFO: *** SYSTEM START ***
2016.04.26 17:20:07.636 MSK INFO: *** SYSTEM START ***
2016.04.26 17:21:41.222 MSK INFO: *** SYSTEM START ***
2016.04.26 17:25:48.786 MSK INFO: *** SYSTEM START ***
2016.04.26 17:26:44.658 MSK INFO: *** SYSTEM START ***
2016.04.26 17:28:00.030 MSK INFO: *** SYSTEM START ***
2016.04.26 17:30:16.846 MSK INFO: *** SYSTEM START ***
2016.04.26 17:31:17.000 MSK INFO: *** SYSTEM START ***
2016.04.26 17:33:02.253 MSK INFO: *** SYSTEM START ***
2016.04.26 17:35:23.253 MSK INFO: *** SYSTEM START ***
2016.04.26 19:52:56.540 MSK INFO: *** SYSTEM START ***
